0 info it worked if it ends with ok
1 verbose cli [ '/usr/bin/node',
1 verbose cli   '/usr/bin/npm',
1 verbose cli   'install',
1 verbose cli   'hexo-asset-image',
1 verbose cli   '--save' ]
2 info using npm@3.5.2
3 info using node@v8.10.0
4 silly loadCurrentTree Starting
5 silly install loadCurrentTree
6 silly install readLocalPackageData
7 silly fetchPackageMetaData hexo-asset-image@file://hexo-asset-image
8 silly fetchOtherPackageData hexo-asset-image@file://hexo-asset-image
9 silly cache add args [ 'hexo-asset-image@file://hexo-asset-image', null ]
10 verbose cache add spec hexo-asset-image@file://hexo-asset-image
11 silly cache add parsed spec Result {
11 silly cache add   raw: 'hexo-asset-image@file://hexo-asset-image',
11 silly cache add   scope: null,
11 silly cache add   name: 'hexo-asset-image',
11 silly cache add   rawSpec: 'file://hexo-asset-image',
11 silly cache add   spec: '/',
11 silly cache add   type: 'local' }
12 error addLocal Could not install /
13 silly fetchPackageMetaData Error: EISDIR: illegal operation on a directory, read
13 silly fetchPackageMetaData  error for hexo-asset-image@file://hexo-asset-image { Error: EISDIR: illegal operation on a directory, read errno: -21, code: 'EISDIR', syscall: 'read' }
14 silly rollbackFailedOptional Starting
15 silly rollbackFailedOptional Finishing
16 silly runTopLevelLifecycles Starting
17 silly runTopLevelLifecycles Finishing
18 silly install printInstalled
19 verbose stack Error: EISDIR: illegal operation on a directory, read
20 verbose cwd /home/msi/Documents/blog2/blog/source
21 error Linux 4.15.0-109-generic
22 error argv "/usr/bin/node" "/usr/bin/npm" "install" "hexo-asset-image" "--save"
23 error node v8.10.0
24 error npm  v3.5.2
25 error code EISDIR
26 error errno -21
27 error syscall read
28 error eisdir EISDIR: illegal operation on a directory, read
29 error eisdir This is most likely not a problem with npm itself
29 error eisdir and is related to npm not being able to find a package.json in
29 error eisdir a package you are trying to install.
30 verbose exit [ -21, true ]
